[22:11:21.916] Running candle.exe
[22:11:22.009] Running light.exe
[22:11:22.129] Detected [light.exe] version [3.14.1.8722].
[22:11:22.129] Detected [candle.exe] version [3.14.1.8722].
[22:11:22.130] WiX 3.14.1.8722 detected. Enabling advanced cleanup action.
[22:11:28.466] Command [PID: -1]:
    jlink --output C:\Users\dylan\AppData\Local\Temp\jdk.jpackage4999417010248058811\images\win-msi.image\BoobyLauncherSetup\runtime --module-path C:\\Program Files\\Eclipse Adoptium\\jdk-21.0.10.7-hotspot\\jmods --add-modules jdk.management.jfr,java.rmi,jdk.jdi,jdk.charsets,java.xml,jdk.xml.dom,java.datatransfer,jdk.jstatd,jdk.httpserver,java.desktop,java.security.sasl,jdk.zipfs,java.base,jdk.crypto.ec,jdk.javadoc,jdk.management.agent,jdk.jshell,jdk.editpad,java.sql.rowset,jdk.jsobject,jdk.sctp,jdk.jlink,jdk.unsupported,java.smartcardio,java.security.jgss,jdk.nio.mapmode,java.compiler,jdk.dynalink,jdk.unsupported.desktop,jdk.accessibility,jdk.security.jgss,java.sql,jdk.incubator.vector,java.transaction.xa,java.xml.crypto,java.logging,jdk.jfr,jdk.crypto.cryptoki,jdk.random,jdk.net,java.naming,jdk.internal.ed,java.prefs,java.net.http,jdk.compiler,jdk.naming.rmi,jdk.internal.opt,jdk.jconsole,jdk.attach,jdk.crypto.mscapi,jdk.internal.le,java.management,jdk.jdwp.agent,jdk.internal.jvmstat,java.instrument,jdk.management,jdk.security.auth,java.scripting,jdk.jdeps,jdk.jartool,jdk.jpackage,java.management.rmi,jdk.naming.dns,jdk.localedata --strip-native-commands --strip-debug --no-man-pages --no-header-files
[22:11:28.466] Output:
    WARNING: Using incubator modules: jdk.incubator.vector

[22:11:28.466] Returned: 0

[22:11:28.469] Using default package resource JavaApp.ico [icon] (add BoobyLauncherSetup.ico to the resource-dir to customize).
[22:11:28.479] Warning: Windows Defender may prevent jpackage from functioning. If there is an issue, it can be addressed by either disabling realtime monitoring, or adding an exclusion for the directory "C:\Users\dylan\AppData\Local\Temp\jdk.jpackage4999417010248058811".
[22:11:28.528] Using default package resource WinLauncher.template [Template for creating executable properties file] (add BoobyLauncherSetup.properties to the resource-dir to customize).
[22:11:28.970] MSI ProductCode: a9ecb53a-f2aa-3e8d-8d7e-a060ca96d294.
[22:11:28.970] MSI UpgradeCode: f9665bbb-2249-31bb-b612-55444fc09100.
[22:11:29.024] Using default package resource MsiInstallerStrings_de.wxl [WiX localization file] (add MsiInstallerStrings_de.wxl to the resource-dir to customize).
[22:11:29.025] Using default package resource MsiInstallerStrings_en.wxl [WiX localization file] (add MsiInstallerStrings_en.wxl to the resource-dir to customize).
[22:11:29.027] Using default package resource MsiInstallerStrings_ja.wxl [WiX localization file] (add MsiInstallerStrings_ja.wxl to the resource-dir to customize).
[22:11:29.028] Using default package resource MsiInstallerStrings_zh_CN.wxl [WiX localization file] (add MsiInstallerStrings_zh_CN.wxl to the resource-dir to customize).
[22:11:29.028] Using default package resource main.wxs [Main WiX project file] (add main.wxs to the resource-dir to customize).
[22:11:29.029] Using default package resource overrides.wxi [Overrides WiX project file] (add overrides.wxi to the resource-dir to customize).
[22:11:29.031] Preparing MSI config: C:\Users\dylan\AppData\Local\Temp\jdk.jpackage4999417010248058811\images\win-exe.image\BoobyLauncherSetup-1.0.0.msi.
[22:11:29.032] Generating MSI: C:\Users\dylan\AppData\Local\Temp\jdk.jpackage4999417010248058811\images\win-exe.image\BoobyLauncherSetup-1.0.0.msi.
[22:11:29.041] Running candle.exe in C:\Users\dylan\AppData\Local\Temp\jdk.jpackage4999417010248058811\images\win-msi.image\BoobyLauncherSetup
[22:11:29.231] Command [PID: 1736]:
    candle.exe -nologo C:\Users\dylan\AppData\Local\Temp\jdk.jpackage4999417010248058811\config\main.wxs -ext WixUtilExtension -arch x64 -out C:\Users\dylan\AppData\Local\Temp\jdk.jpackage4999417010248058811\wixobj\main.wixobj -dJpAppDescription=BoobyLauncherSetup -dJpAppVersion=1.0.0 -dJpProductCode=a9ecb53a-f2aa-3e8d-8d7e-a060ca96d294 -dJpAppName=BoobyLauncherSetup -dJpAllowUpgrades=yes -dJpProductUpgradeCode=f9665bbb-2249-31bb-b612-55444fc09100 -dJpIsSystemWide=yes -dJpAllowDowngrades=yes -dJpIcon=C:\Users\dylan\AppData\Local\Temp\jdk.jpackage4999417010248058811\images\win-msi.image\BoobyLauncherSetup\BoobyLauncherSetup.exe -dJpAppVendor=XriuxDev -dJpAppSizeKb=154935 -dJpConfigDir=C:\Users\dylan\AppData\Local\Temp\jdk.jpackage4999417010248058811\config
[22:11:29.231] Output:
    main.wxs
[22:11:29.231] Returned: 0

[22:11:29.231] Running candle.exe in C:\Users\dylan\AppData\Local\Temp\jdk.jpackage4999417010248058811\images\win-msi.image\BoobyLauncherSetup
[22:11:29.463] Command [PID: 15084]:
    candle.exe -nologo C:\Users\dylan\AppData\Local\Temp\jdk.jpackage4999417010248058811\config\bundle.wxf -ext WixUtilExtension -arch x64 -out C:\Users\dylan\AppData\Local\Temp\jdk.jpackage4999417010248058811\wixobj\bundle.wixobj
[22:11:29.463] Output:
    bundle.wxf
[22:11:29.463] Returned: 0

[22:11:29.464] Running candle.exe in C:\Users\dylan\AppData\Local\Temp\jdk.jpackage4999417010248058811\images\win-msi.image\BoobyLauncherSetup
[22:11:29.608] Command [PID: 6772]:
    candle.exe -nologo C:\Users\dylan\AppData\Local\Temp\jdk.jpackage4999417010248058811\config\ui.wxf -ext WixUtilExtension -arch x64 -out C:\Users\dylan\AppData\Local\Temp\jdk.jpackage4999417010248058811\wixobj\ui.wixobj
[22:11:29.608] Output:
    ui.wxf
[22:11:29.608] Returned: 0

[22:11:29.609] Running light.exe in C:\Users\dylan\AppData\Local\Temp\jdk.jpackage4999417010248058811\images\win-msi.image\BoobyLauncherSetup
[22:11:56.180] Command [PID: 12912]:
    light.exe -nologo -spdb -ext WixUtilExtension -out C:\Users\dylan\AppData\Local\Temp\jdk.jpackage4999417010248058811\images\win-exe.image\BoobyLauncherSetup-1.0.0.msi -b C:\Users\dylan\AppData\Local\Temp\jdk.jpackage4999417010248058811\config -sice:ICE27 -loc C:\Users\dylan\AppData\Local\Temp\jdk.jpackage4999417010248058811\config\MsiInstallerStrings_de.wxl -loc C:\Users\dylan\AppData\Local\Temp\jdk.jpackage4999417010248058811\config\MsiInstallerStrings_en.wxl -loc C:\Users\dylan\AppData\Local\Temp\jdk.jpackage4999417010248058811\config\MsiInstallerStrings_ja.wxl -loc C:\Users\dylan\AppData\Local\Temp\jdk.jpackage4999417010248058811\config\MsiInstallerStrings_zh_CN.wxl -cultures:en-us C:\Users\dylan\AppData\Local\Temp\jdk.jpackage4999417010248058811\wixobj\main.wixobj C:\Users\dylan\AppData\Local\Temp\jdk.jpackage4999417010248058811\wixobj\bundle.wixobj C:\Users\dylan\AppData\Local\Temp\jdk.jpackage4999417010248058811\wixobj\ui.wixobj
[22:11:56.180] Output:
    C:\Users\dylan\AppData\Local\Temp\jdk.jpackage4999417010248058811\config\main.wxs(53) : warning LGHT1076 : ICE61: This product should remove only older versions of itself. No Maximum version was detected for the current product. (JP_DOWNGRADABLE_FOUND)
    C:\Users\dylan\AppData\Local\Temp\jdk.jpackage4999417010248058811\config\bundle.wxf(12) : warning LGHT1076 : ICE69: Mismatched component reference. Entry 'shortcut1d95846b75723a49adc1a6bdf0b6341e' of the Shortcut table belongs to component 'cshortcut1d95846b75723a49adc1a6bdf0b6341e'. However, the formatted string in column 'Target' references file 'filea2033af50367347eb54b6dac2ac58fe4' which belongs to component 'cfilea2033af50367347eb54b6dac2ac58fe4'. Components are in the same feature.
    C:\Users\dylan\AppData\Local\Temp\jdk.jpackage4999417010248058811\config\bundle.wxf(21) : warning LGHT1076 : ICE69: Mismatched component reference. Entry 'shortcut08bb986f22ab3db5a14605bd3f6d089d' of the Shortcut table belongs to component 'cshortcut08bb986f22ab3db5a14605bd3f6d089d'. However, the formatted string in column 'Target' references file 'filea2033af50367347eb54b6dac2ac58fe4' which belongs to component 'cfilea2033af50367347eb54b6dac2ac58fe4'. Components are in the same feature.
[22:11:56.180] Returned: 0

[22:11:56.180] Generating EXE for installer to: C:\Users\dylan\OneDrive\Documenten\robloxgames\Minecraft\BoobyClient\dist\installer.
[22:11:56.183] Warning: Windows Defender may prevent jpackage from functioning. If there is an issue, it can be addressed by either disabling realtime monitoring, or adding an exclusion for the directory "C:\Users\dylan\AppData\Local\Temp\jdk.jpackage4999417010248058811".
[22:11:56.261] Using default package resource WinInstaller.template [Template for creating executable properties file] (add WinInstaller.properties to the resource-dir to customize).
[22:11:57.608] Installer (.exe) saved to: C:\Users\dylan\OneDrive\Documenten\robloxgames\Minecraft\BoobyClient\dist\installer
[22:11:57.608] Succeeded in building EXE Installer Package package
